This is pdfTeX, Version 3.14159265-2.6-1.40.18 (TeX Live 2017) (preloaded format=pdflatex 2018.6.17)  18 JUN 2018 23:27
entering extended mode
 \write18 enabled.
 file:line:error style messages enabled.
 %&-line parsing enabled.
**0-main
(./0-main.tex
LaTeX2e <2017/01/01> patch level 3
Babel <3.10> and hyphenation patterns for 17 language(s) loaded.
(./G7-32.cls
Document Class: G7-32 2003/07/01 v1.0 Non Standard LaTeX document class
(./G2-105.sty
Package: G2-105 2003/07/07 v1.00 General reqs. GOST 2.105-95
 (./GostBase.clo
(/usr/share/texmf-dist/tex/latex/extsizes/size14.clo
File: size14.clo 1999/11/11 v1.4a NON-Standard LaTeX file (size option)
))
\c@totalpage=\count79
\c@totaltable=\count80
\c@totalfigure=\count81
\c@totalbib=\count82
\GostAfterTitleSkip=\skip41
\GostBetweenTitleSkip=\skip42
\GostBeforTitleSkip=\skip43
\GostBeforNoTitleSkip=\skip44
\GostHTitleSpace=\skip45
\GostTitleIndent=\skip46
\Gost@ChapterIndent=\skip47
\Gost@MainChapterIndent=\skip48
\Gost@TitleDropSkip=\skip49
\c@chapter=\count83
\c@section=\count84
\c@subsection=\count85
\c@subsubsection=\count86
\NirTitleDropSkip=\skip50

(/usr/share/texmf-dist/tex/generic/iftex/iftex.sty
Package: iftex 2013/04/04 v0.2 Provides if(tex) conditional for PDFTeX, XeTeX, 
and LuaTeX
)
(/usr/share/texmf-dist/tex/generic/babel/babel.sty
Package: babel 2017/05/19 3.10 The Babel package

(/usr/share/texmf-dist/tex/generic/babel-english/english.ldf
Language: english 2017/01/24 v3.3q English support from the babel system

(/usr/share/texmf-dist/tex/generic/babel/babel.def
File: babel.def 2017/05/19 3.10 Babel common definitions
\babel@savecnt=\count87
\U@D=\dimen102
)
\l@british = a dialect from \language\l@english 
\l@UKenglish = a dialect from \language\l@english 
\l@canadian = a dialect from \language\l@american 
\l@australian = a dialect from \language\l@british 
\l@newzealand = a dialect from \language\l@british 
)
(/usr/share/texmf-dist/tex/generic/babel-russian/russianb.ldf
Language: russianb 2017/01/12 1.3i Russian support for the Babel system


Package babel Warning: No Cyrillic font encoding has been loaded so far.
(babel)                A font encoding should be declared before babel.
(babel)                Default `T2A' encoding will be loaded  on input line 69.


(/usr/share/texmf-dist/tex/latex/cyrillic/t2aenc.def
File: t2aenc.def 2005/09/27 v1.0i Cyrillic encoding definition file
)

Package babel Warning: No input encoding specified for Russian language on inpu
t line 110.

Package babel Info: Making " an active character on input line 111.
)) (/usr/share/texmf-dist/tex/latex/base/fontenc.sty
Package: fontenc 2017/02/22 v2.0g Standard LaTeX package

(/usr/share/texmf-dist/tex/latex/cyrillic/t2aenc.def
File: t2aenc.def 2005/09/27 v1.0i Cyrillic encoding definition file
LaTeX Font Info:    Redeclaring font encoding T2A on input line 42.
)
LaTeX Font Info:    Try loading font information for T2A+cmr on input line 105.


(/usr/share/texmf-dist/tex/latex/cyrillic/t2acmr.fd
File: t2acmr.fd 2001/08/11 v1.0a Computer Modern Cyrillic font definitions
))
(/usr/share/texmf-dist/tex/latex/base/inputenc.sty
Package: inputenc 2015/03/17 v1.2c Input encoding file
\inpenc@prehook=\toks14
\inpenc@posthook=\toks15

(/usr/share/texmf-dist/tex/latex/ucs/utf8x.def
File: utf8x.def 2004/10/17 UCS: Input encoding UTF-8
))
(/usr/share/texmf-dist/tex/latex/ucs/ucs.sty
Package: ucs 2013/05/11 v2.2 UCS: Unicode input support

(/usr/share/texmf-dist/tex/latex/ucs/data/uni-global.def
File: uni-global.def 2013/05/13 UCS: Unicode global data
)
\uc@secondtry=\count88
\uc@combtoks=\toks16
\uc@combtoksb=\toks17
\uc@temptokena=\toks18
)
(/usr/share/texmf-dist/tex/latex/t2/mathtext.sty
Package: mathtext 1999/01/28 v1.0 transparent text-and-math defs
LaTeX Info: Redefining \halign on input line 111.
)
(/usr/share/texmf-dist/tex/latex/cmap/cmap.sty
Package: cmap 2008/03/06 v1.0h CMap support: searchable PDF


Package cmap Warning: fontenc already loaded - some fonts may be unprocessed.

) (/usr/share/texmf-dist/tex/latex/base/flafter.sty
Package: flafter 2016/10/04 v1.3b Standard LaTeX floats after reference (FMi)
Applying: [2015/01/01] float order in 2-column on input line 49.
Already applied: [0000/00/00] float order in 2-column on input line 151.
)
\GostItemGap=\skip51
\GostItemIndent=\skip52
\GostItemNestedIndent=\skip53

(/usr/share/texmf-dist/tex/latex/amsfonts/amssymb.sty
Package: amssymb 2013/01/14 v3.01 AMS font symbols

(/usr/share/texmf-dist/tex/latex/amsfonts/amsfonts.sty
Package: amsfonts 2013/01/14 v3.01 Basic AMSFonts support
\@emptytoks=\toks19
\symAMSa=\mathgroup4
\symAMSb=\mathgroup5
LaTeX Font Info:    Overwriting math alphabet `\mathfrak' in version `bold'
(Font)                  U/euf/m/n --> U/euf/b/n on input line 106.
))
(/usr/share/texmf-dist/tex/latex/amsmath/amsmath.sty
Package: amsmath 2016/11/05 v2.16a AMS math features
\@mathmargin=\skip54

For additional information on amsmath, use the `?' option.
(/usr/share/texmf-dist/tex/latex/amsmath/amstext.sty
Package: amstext 2000/06/29 v2.01 AMS text

(/usr/share/texmf-dist/tex/latex/amsmath/amsgen.sty
File: amsgen.sty 1999/11/30 v2.0 generic functions
\@emptytoks=\toks20
\ex@=\dimen103
))
(/usr/share/texmf-dist/tex/latex/amsmath/amsbsy.sty
Package: amsbsy 1999/11/29 v1.2d Bold Symbols
\pmbraise@=\dimen104
)
(/usr/share/texmf-dist/tex/latex/amsmath/amsopn.sty
Package: amsopn 2016/03/08 v2.02 operator names
)
\inf@bad=\count89
LaTeX Info: Redefining \frac on input line 213.
\uproot@=\count90
\leftroot@=\count91
LaTeX Info: Redefining \overline on input line 375.
\classnum@=\count92
\DOTSCASE@=\count93
LaTeX Info: Redefining \ldots on input line 472.
LaTeX Info: Redefining \dots on input line 475.
LaTeX Info: Redefining \cdots on input line 596.
\Mathstrutbox@=\box26
\strutbox@=\box27
\big@size=\dimen105
LaTeX Font Info:    Redeclaring font encoding OML on input line 712.
\symOMLletters=\mathgroup6
LaTeX Font Info:    Redeclaring font encoding OMS on input line 713.
\symOMSletters=\mathgroup7
\macc@depth=\count94
\c@MaxMatrixCols=\count95
\dotsspace@=\muskip10
\c@parentequation=\count96
\dspbrk@lvl=\count97
\tag@help=\toks21
\row@=\count98
\column@=\count99
\maxfields@=\count100
\andhelp@=\toks22
\eqnshift@=\dimen106
\alignsep@=\dimen107
\tagshift@=\dimen108
\tagwidth@=\dimen109
\totwidth@=\dimen110
\lineht@=\dimen111
\@envbody=\toks23
\multlinegap=\skip55
\multlinetaggap=\skip56
\mathdisplay@stack=\toks24
LaTeX Info: Redefining \[ on input line 2817.
LaTeX Info: Redefining \] on input line 2818.
)
(/usr/share/texmf-dist/tex/latex/was/icomma.sty
Package: icomma 2002/03/10 v2.0 (WaS)
)
(/usr/share/texmf-dist/tex/latex/base/leqno.clo
File: leqno.clo 2016/12/29 v1.2a Standard LaTeX option (left equation numbers)
)
\Gost@EqRemLen=\skip57
\Gost@@EqRemLen=\skip58

(/usr/share/texmf-dist/tex/latex/caption/caption.sty
Package: caption 2016/02/21 v3.3-144 Customizing captions (AR)

(/usr/share/texmf-dist/tex/latex/caption/caption3.sty
Package: caption3 2016/05/22 v1.7-166 caption3 kernel (AR)
Package caption3 Info: TeX engine: e-TeX on input line 67.

(/usr/share/texmf-dist/tex/latex/graphics/keyval.sty
Package: keyval 2014/10/28 v1.15 key=value parser (DPC)
\KV@toks@=\toks25
)
\captionmargin=\dimen112
\captionmargin@=\dimen113
\captionwidth=\dimen114
\caption@tempdima=\dimen115
\caption@indent=\dimen116
\caption@parindent=\dimen117
\caption@hangindent=\dimen118
\abovecaptionskip=\skip59
\belowcaptionskip=\skip60
Package caption Info: Unknown document class (or package),
(caption)             standard defaults will be used.
)

Package caption Warning: Unsupported document class (or package) detected,
(caption)                usage of the caption package is not recommended.
See the caption package documentation for explanation.

Package caption Info: \@makecaption = undefined.
\c@ContinuedFloat=\count101
)
\c@figure=\count102
\c@table=\count103
 (/usr/share/texmf-dist/tex/latex/tools/longtable.sty
Package: longtable 2014/10/28 v4.11 Multi-page Table package (DPC)
\LTleft=\skip61
\LTright=\skip62
\LTpre=\skip63
\LTpost=\skip64
\LTchunksize=\count104
\LTcapwidth=\dimen119
\LT@head=\box28
\LT@firsthead=\box29
\LT@foot=\box30
\LT@lastfoot=\box31
\LT@cols=\count105
\LT@rows=\count106
\c@LT@tables=\count107
\c@LT@chunks=\count108
\LT@p@ftn=\toks26
)
(/usr/share/texmf-dist/tex/latex/footmisc/footmisc.sty
Package: footmisc 2011/06/06 v5.5b a miscellany of footnote facilities
\FN@temptoken=\toks27
\footnotemargin=\dimen120
\c@pp@next@reset=\count109
\c@@fnserial=\count110
Package footmisc Info: Declaring symbol style bringhurst on input line 855.
Package footmisc Info: Declaring symbol style chicago on input line 863.
Package footmisc Info: Declaring symbol style wiley on input line 872.
Package footmisc Info: Declaring symbol style lamport-robust on input line 883.

Package footmisc Info: Declaring symbol style lamport* on input line 903.
Package footmisc Info: Declaring symbol style lamport*-robust on input line 924
.
)
\bibindent=\dimen121
)
(/usr/share/texmf-dist/tex/latex/geometry/geometry.sty
Package: geometry 2010/09/12 v5.6 Page Geometry

(/usr/share/texmf-dist/tex/generic/oberdiek/ifpdf.sty
Package: ifpdf 2017/03/15 v3.2 Provides the ifpdf switch
)
(/usr/share/texmf-dist/tex/generic/oberdiek/ifvtex.sty
Package: ifvtex 2016/05/16 v1.6 Detect VTeX and its facilities (HO)
Package ifvtex Info: VTeX not detected.
)
(/usr/share/texmf-dist/tex/generic/ifxetex/ifxetex.sty
Package: ifxetex 2010/09/12 v0.6 Provides ifxetex conditional
)
\Gm@cnth=\count111
\Gm@cntv=\count112
\c@Gm@tempcnt=\count113
\Gm@bindingoffset=\dimen122
\Gm@wd@mp=\dimen123
\Gm@odd@mp=\dimen124
\Gm@even@mp=\dimen125
\Gm@layoutwidth=\dimen126
\Gm@layoutheight=\dimen127
\Gm@layouthoffset=\dimen128
\Gm@layoutvoffset=\dimen129
\Gm@dimlist=\toks28
) (./G7-32.sty
Package: G7-32 2003/07/07 v1.00 Titles for GOST 7.32-2001
))
\@input{10-preamble.aux}
\openout2 = `10-preamble.aux'.

(./10-preamble.tex (/usr/share/texmf-dist/tex/latex/hyperref/hyperref.sty
Package: hyperref 2017/03/14 v6.85a Hypertext links for LaTeX

(/usr/share/texmf-dist/tex/generic/oberdiek/hobsub-hyperref.sty
Package: hobsub-hyperref 2016/05/16 v1.14 Bundle oberdiek, subset hyperref (HO)


(/usr/share/texmf-dist/tex/generic/oberdiek/hobsub-generic.sty
Package: hobsub-generic 2016/05/16 v1.14 Bundle oberdiek, subset generic (HO)
Package: hobsub 2016/05/16 v1.14 Construct package bundles (HO)
Package: infwarerr 2016/05/16 v1.4 Providing info/warning/error messages (HO)
Package: ltxcmds 2016/05/16 v1.23 LaTeX kernel commands for general use (HO)
Package: ifluatex 2016/05/16 v1.4 Provides the ifluatex switch (HO)
Package ifluatex Info: LuaTeX not detected.
Package hobsub Info: Skipping package `ifvtex' (already loaded).
Package: intcalc 2016/05/16 v1.2 Expandable calculations with integers (HO)
Package hobsub Info: Skipping package `ifpdf' (already loaded).
Package: etexcmds 2016/05/16 v1.6 Avoid name clashes with e-TeX commands (HO)
Package etexcmds Info: Could not find \expanded.
(etexcmds)             That can mean that you are not using pdfTeX 1.50 or
(etexcmds)             that some package has redefined \expanded.
(etexcmds)             In the latter case, load this package earlier.
Package: kvsetkeys 2016/05/16 v1.17 Key value parser (HO)
Package: kvdefinekeys 2016/05/16 v1.4 Define keys (HO)
Package: pdftexcmds 2017/03/19 v0.25 Utility functions of pdfTeX for LuaTeX (HO
)
Package pdftexcmds Info: LuaTeX not detected.
Package pdftexcmds Info: \pdf@primitive is available.
Package pdftexcmds Info: \pdf@ifprimitive is available.
Package pdftexcmds Info: \pdfdraftmode found.
Package: pdfescape 2016/05/16 v1.14 Implements pdfTeX's escape features (HO)
Package: bigintcalc 2016/05/16 v1.4 Expandable calculations on big integers (HO
)
Package: bitset 2016/05/16 v1.2 Handle bit-vector datatype (HO)
Package: uniquecounter 2016/05/16 v1.3 Provide unlimited unique counter (HO)
)
Package hobsub Info: Skipping package `hobsub' (already loaded).
Package: letltxmacro 2016/05/16 v1.5 Let assignment for LaTeX macros (HO)
Package: hopatch 2016/05/16 v1.3 Wrapper for package hooks (HO)
Package: xcolor-patch 2016/05/16 xcolor patch
Package: atveryend 2016/05/16 v1.9 Hooks at the very end of document (HO)
Package atveryend Info: \enddocument detected (standard20110627).
Package: atbegshi 2016/06/09 v1.18 At begin shipout hook (HO)
Package: refcount 2016/05/16 v3.5 Data extraction from label references (HO)
Package: hycolor 2016/05/16 v1.8 Color options for hyperref/bookmark (HO)
)
(/usr/share/texmf-dist/tex/latex/oberdiek/auxhook.sty
Package: auxhook 2016/05/16 v1.4 Hooks for auxiliary files (HO)
)
(/usr/share/texmf-dist/tex/latex/oberdiek/kvoptions.sty
Package: kvoptions 2016/05/16 v3.12 Key value format for package options (HO)
)
\@linkdim=\dimen130
\Hy@linkcounter=\count114
\Hy@pagecounter=\count115

(/usr/share/texmf-dist/tex/latex/hyperref/pd1enc.def
File: pd1enc.def 2017/03/14 v6.85a Hyperref: PDFDocEncoding definition (HO)
\symPD1letters=\mathgroup8
)
\Hy@SavedSpaceFactor=\count116
Package hyperref Info: Option `unicode' set `true' on input line 3453.

(/usr/share/texmf-dist/tex/latex/hyperref/puenc.def
File: puenc.def 2017/03/14 v6.85a Hyperref: PDF Unicode definition (HO)
\symPUletters=\mathgroup9
)
(/usr/share/texmf-dist/tex/latex/latexconfig/hyperref.cfg
File: hyperref.cfg 2002/06/06 v1.2 hyperref configuration of TeXLive
)
Package hyperref Info: Option `bookmarks' set `true' on input line 4374.
Package hyperref Info: Option `colorlinks' set `true' on input line 4374.
Package hyperref Info: Option `unicode' set `true' on input line 4374.
Package hyperref Info: Hyper figures OFF on input line 4498.
Package hyperref Info: Link nesting OFF on input line 4503.
Package hyperref Info: Hyper index ON on input line 4506.
Package hyperref Info: Plain pages OFF on input line 4513.
Package hyperref Info: Backreferencing OFF on input line 4518.
Package hyperref Info: Implicit mode ON; LaTeX internals redefined.
Package hyperref Info: Bookmarks ON on input line 4751.
\c@Hy@tempcnt=\count117

(/usr/share/texmf-dist/tex/latex/url/url.sty
\Urlmuskip=\muskip11
Package: url 2013/09/16  ver 3.4  Verb mode for urls, etc.
)
LaTeX Info: Redefining \url on input line 5104.
\XeTeXLinkMargin=\dimen131
\Fld@menulength=\count118
\Field@Width=\dimen132
\Fld@charsize=\dimen133
Package hyperref Info: Hyper figures OFF on input line 6358.
Package hyperref Info: Link nesting OFF on input line 6363.
Package hyperref Info: Hyper index ON on input line 6366.
Package hyperref Info: backreferencing OFF on input line 6373.
Package hyperref Info: Link coloring ON on input line 6376.
Package hyperref Info: Link coloring with OCG OFF on input line 6383.
Package hyperref Info: PDF/A mode OFF on input line 6388.
LaTeX Info: Redefining \ref on input line 6428.
LaTeX Info: Redefining \pageref on input line 6432.
\Hy@abspage=\count119
\c@Item=\count120
\c@Hfootnote=\count121
)

Package hyperref Message: Driver (autodetected): hpdftex.

(/usr/share/texmf-dist/tex/latex/hyperref/hpdftex.def
File: hpdftex.def 2017/03/14 v6.85a Hyperref driver for pdfTeX
\Fld@listcount=\count122
\c@bookmark@seq@number=\count123

(/usr/share/texmf-dist/tex/latex/oberdiek/rerunfilecheck.sty
Package: rerunfilecheck 2016/05/16 v1.8 Rerun checks for auxiliary files (HO)
Package uniquecounter Info: New unique counter `rerunfilecheck' on input line 2
82.
)
\Hy@SectionHShift=\skip65
)
(/usr/share/texmf-dist/tex/latex/graphics/graphicx.sty
Package: graphicx 2014/10/28 v1.0g Enhanced LaTeX Graphics (DPC,SPQR)

(/usr/share/texmf-dist/tex/latex/graphics/graphics.sty
Package: graphics 2016/10/09 v1.0u Standard LaTeX Graphics (DPC,SPQR)

(/usr/share/texmf-dist/tex/latex/graphics/trig.sty
Package: trig 2016/01/03 v1.10 sin cos tan (DPC)
)
(/usr/share/texmf-dist/tex/latex/graphics-cfg/graphics.cfg
File: graphics.cfg 2016/06/04 v1.11 sample graphics configuration
)
Package graphics Info: Driver file: pdftex.def on input line 99.

(/usr/share/texmf-dist/tex/latex/graphics-def/pdftex.def
File: pdftex.def 2017/01/12 v0.06k Graphics/color for pdfTeX
\Gread@gobject=\count124
))
\Gin@req@height=\dimen134
\Gin@req@width=\dimen135
)
(/usr/share/texmf-dist/tex/latex/subfigure/subfigure.sty
Package: subfigure 2002/03/15 v2.1.5 subfigure package
\subfigtopskip=\skip66
\subfigcapskip=\skip67
\subfigcaptopadj=\dimen136
\subfigbottomskip=\skip68
\subfigcapmargin=\dimen137
\subfiglabelskip=\skip69
\c@subfigure=\count125
\c@lofdepth=\count126
\c@subtable=\count127
\c@lotdepth=\count128

****************************************
* Local config file subfigure.cfg used *
****************************************
(/usr/share/texmf-dist/tex/latex/subfigure/subfigure.cfg)
\subfig@top=\skip70
\subfig@bottom=\skip71
)
(/usr/share/texmf-dist/tex/latex/lastpage/lastpage.sty
Package: lastpage 2015/03/29 v1.2m Refers to last page's name (HMM; JPG)
)
(/usr/share/texmf-dist/tex/latex/wrapfig/wrapfig.sty
\wrapoverhang=\dimen138
\WF@size=\dimen139
\c@WF@wrappedlines=\count129
\WF@box=\box32
\WF@everypar=\toks29
Package: wrapfig 2003/01/31  v 3.6
)
(/usr/share/texmf-dist/tex/latex/tools/enumerate.sty
Package: enumerate 2015/07/23 v3.00 enumerate extensions (DPC)
\@enLab=\toks30
)) (./0-main.aux
(./19-referat.aux) (./2-intro.aux) (./31-constr.aux) (./32-research.aux)
(./33-techno.aux) (./34-ecology.aux) (./35-economy.aux) (./4-conclusion.aux)
(./5-biblio.aux) (./61-rdtt-appendix.aux

LaTeX Warning: Label `tab:hellfire_stats' multiply defined.

))
\openout1 = `0-main.aux'.

LaTeX Font Info:    Checking defaults for OML/cmm/m/it on input line 10.
LaTeX Font Info:    ... okay on input line 10.
LaTeX Font Info:    Checking defaults for T1/cmr/m/n on input line 10.
LaTeX Font Info:    ... okay on input line 10.
LaTeX Font Info:    Checking defaults for OT1/cmr/m/n on input line 10.
LaTeX Font Info:    ... okay on input line 10.
LaTeX Font Info:    Checking defaults for OMS/cmsy/m/n on input line 10.
LaTeX Font Info:    ... okay on input line 10.
LaTeX Font Info:    Checking defaults for OMX/cmex/m/n on input line 10.
LaTeX Font Info:    ... okay on input line 10.
LaTeX Font Info:    Checking defaults for U/cmr/m/n on input line 10.
LaTeX Font Info:    ... okay on input line 10.
LaTeX Font Info:    Checking defaults for T2A/cmr/m/n on input line 10.
LaTeX Font Info:    ... okay on input line 10.
LaTeX Font Info:    Checking defaults for PD1/pdf/m/n on input line 10.
LaTeX Font Info:    ... okay on input line 10.
LaTeX Font Info:    Checking defaults for PU/pdf/m/n on input line 10.
LaTeX Font Info:    ... okay on input line 10.
 (/usr/share/texmf-dist/tex/latex/ucs/ucsencs.def
File: ucsencs.def 2011/01/21 Fixes to fontencodings LGR, T3
)
Package caption Info: Begin \AtBeginDocument code.
Package caption Info: hyperref package is loaded.
Package caption Info: longtable package is loaded.

(/usr/share/texmf-dist/tex/latex/caption/ltcaption.sty
Package: ltcaption 2013/06/09 v1.4-94 longtable captions (AR)
)
Package caption Info: subfigure package is loaded.
Package caption Info: wrapfig package is loaded.
Package caption Info: End \AtBeginDocument code.

*geometry* driver: auto-detecting
*geometry* detected driver: pdftex
*geometry* verbose mode - [ preamble ] result:
* driver: pdftex
* paper: <default>
* layout: <same size as paper>
* layoutoffset:(h,v)=(0.0pt,0.0pt)
* modes: 
* h-part:(L,W,R)=(99.58464pt, 469.47049pt, 28.45274pt)
* v-part:(T,H,B)=(56.9055pt, 731.23584pt, 56.9055pt)
* \paperwidth=597.50787pt
* \paperheight=845.04684pt
* \textwidth=469.47049pt
* \textheight=731.23584pt
* \oddsidemargin=27.31465pt
* \evensidemargin=27.31465pt
* \topmargin=-29.36449pt
* \headheight=14.0pt
* \headsep=0.0pt
* \topskip=14.0pt
* \footskip=30.0pt
* \marginparwidth=15.0pt
* \marginparsep=10.0pt
* \columnsep=10.0pt
* \skip\footins=12.0pt plus 4.0pt minus 2.0pt
* \hoffset=0.0pt
* \voffset=0.0pt
* \mag=1000
* \@twocolumnfalse
* \@twosidefalse
* \@mparswitchfalse
* \@reversemarginfalse
* (1in=72.27pt=25.4mm, 1cm=28.453pt)

\AtBeginShipoutBox=\box33
(/usr/share/texmf-dist/tex/latex/graphics/color.sty
Package: color 2016/07/10 v1.1e Standard LaTeX Color (DPC)

(/usr/share/texmf-dist/tex/latex/graphics-cfg/color.cfg
File: color.cfg 2016/01/02 v1.6 sample color configuration
)
Package color Info: Driver file: pdftex.def on input line 147.
)
Package hyperref Info: Link coloring ON on input line 10.

(/usr/share/texmf-dist/tex/latex/hyperref/nameref.sty
Package: nameref 2016/05/21 v2.44 Cross-referencing by name of section

(/usr/share/texmf-dist/tex/generic/oberdiek/gettitlestring.sty
Package: gettitlestring 2016/05/16 v1.5 Cleanup title references (HO)
)
\c@section@level=\count130
)
LaTeX Info: Redefining \ref on input line 10.
LaTeX Info: Redefining \pageref on input line 10.
LaTeX Info: Redefining \nameref on input line 10.
 (./0-main.out) (./0-main.out)
\@outlinefile=\write3
\openout3 = `0-main.out'.

 (/usr/share/texmf-dist/tex/context/base/mkii/supp-pdf.mkii
[Loading MPS to PDF converter (version 2006.09.02).]
\scratchcounter=\count131
\scratchdimen=\dimen140
\scratchbox=\box34
\nofMPsegments=\count132
\nofMParguments=\count133
\everyMPshowfont=\toks31
\MPscratchCnt=\count134
\MPscratchDim=\dimen141
\MPnumerator=\count135
\makeMPintoPDFobject=\count136
\everyMPtoPDFconversion=\toks32
) (/usr/share/texmf-dist/tex/latex/oberdiek/epstopdf-base.sty
Package: epstopdf-base 2016/05/15 v2.6 Base part for package epstopdf

(/usr/share/texmf-dist/tex/latex/oberdiek/grfext.sty
Package: grfext 2016/05/16 v1.2 Manage graphics extensions (HO)
)
Package epstopdf-base Info: Redefining graphics rule for `.eps' on input line 4
38.
Package grfext Info: Graphics extension search list:
(grfext)             [.jpg,.pdf,.png,.eps]
(grfext)             \AppendGraphicsExtensions on input line 456.

(/usr/share/texmf-dist/tex/latex/latexconfig/epstopdf-sys.cfg
File: epstopdf-sys.cfg 2010/07/13 v1.3 Configuration of (r)epstopdf for TeX Liv
e
))
Package lastpage Info: Please have a look at the pageslts package at
(lastpage)             https://www.ctan.org/pkg/pageslts
(lastpage)             ! on input line 10.
\openout2 = `19-referat.aux'.


(./19-referat.tex<<t2a.cmap>>
(/usr/share/texmf-dist/tex/latex/ucs/data/uni-4.def
File: uni-4.def 2013/05/13 UCS: Unicode data U+0400..U+04FF
)
(/usr/share/texmf-dist/tex/latex/ucs/data/uni-32.def
File: uni-32.def 2013/05/13 UCS: Unicode data U+2000..U+20FF
)
Package babel Info: Redefining russian shorthand "|
(babel)             in language append on input line 26.
Package babel Info: Redefining russian shorthand "~
(babel)             in language append on input line 26.
Package babel Info: Redefining russian shorthand "|
(babel)             in language append on input line 26.
Package babel Info: Redefining russian shorthand "~
(babel)             in language append on input line 26.
 [5





{/var/lib/texmf/fonts/map/pdftex/updmap/pdftex.map}])
Package babel Info: Redefining russian shorthand "|
(babel)             in language append on input line 16.
Package babel Info: Redefining russian shorthand "~
(babel)             in language append on input line 16.
Package babel Info: Redefining russian shorthand "|
(babel)             in language append on input line 16.
Package babel Info: Redefining russian shorthand "~
(babel)             in language append on input line 16.
 [6] (./0-main.toc<<ot1.cmap>><<oml.cmap>><<oms.cmap>><<omx.cmap>>
LaTeX Font Info:    Try loading font information for U+msa on input line 2.
 (/usr/share/texmf-dist/tex/latex/amsfonts/umsa.fd
File: umsa.fd 2013/01/14 v3.01 AMS symbols A
)
LaTeX Font Info:    Try loading font information for U+msb on input line 2.

(/usr/share/texmf-dist/tex/latex/amsfonts/umsb.fd
File: umsb.fd 2013/01/14 v3.01 AMS symbols B
)
LaTeX Font Info:    Try loading font information for OML+cmr on input line 2.

(/usr/share/texmf-dist/tex/latex/base/omlcmr.fd
File: omlcmr.fd 2014/09/29 v2.5h Standard LaTeX font definitions
)
LaTeX Font Info:    Font shape `OML/cmr/m/n' in size <14.4> not available
(Font)              Font shape `OML/cmm/m/it' tried instead on input line 2.
LaTeX Font Info:    Font shape `OML/cmr/m/n' in size <10> not available
(Font)              Font shape `OML/cmm/m/it' tried instead on input line 2.
LaTeX Font Info:    Font shape `OML/cmr/m/n' in size <7> not available
(Font)              Font shape `OML/cmm/m/it' tried instead on input line 2.
LaTeX Font Info:    Try loading font information for OMS+cmr on input line 2.

(/usr/share/texmf-dist/tex/latex/base/omscmr.fd
File: omscmr.fd 2014/09/29 v2.5h Standard LaTeX font definitions
)
LaTeX Font Info:    Font shape `OMS/cmr/m/n' in size <14.4> not available
(Font)              Font shape `OMS/cmsy/m/n' tried instead on input line 2.
LaTeX Font Info:    Font shape `OMS/cmr/m/n' in size <10> not available
(Font)              Font shape `OMS/cmsy/m/n' tried instead on input line 2.
LaTeX Font Info:    Font shape `OMS/cmr/m/n' in size <7> not available
(Font)              Font shape `OMS/cmsy/m/n' tried instead on input line 2.
LaTeX Font Info:    Try loading font information for PD1+cmr on input line 2.
LaTeX Font Info:    No file PD1cmr.fd. on input line 2.


LaTeX Font Warning: Font shape `PD1/cmr/m/n' undefined
(Font)              using `PD1/pdf/m/n' instead on input line 2.

LaTeX Font Info:    Try loading font information for PU+cmr on input line 2.
LaTeX Font Info:    No file PUcmr.fd. on input line 2.

LaTeX Font Warning: Font shape `PU/cmr/m/n' undefined
(Font)              using `PU/pdf/m/n' instead on input line 2.

Package babel Info: Redefining russian shorthand "|
(babel)             in language append on input line 38.
Package babel Info: Redefining russian shorthand "~
(babel)             in language append on input line 38.
Package babel Info: Redefining russian shorthand "|
(babel)             in language append on input line 38.
Package babel Info: Redefining russian shorthand "~
(babel)             in language append on input line 38.
[7


])
\tf@toc=\write4
\openout4 = `0-main.toc'.

Package babel Info: Redefining russian shorthand "|
(babel)             in language append on input line 19.
Package babel Info: Redefining russian shorthand "~
(babel)             in language append on input line 19.
Package babel Info: Redefining russian shorthand "|
(babel)             in language append on input line 19.
Package babel Info: Redefining russian shorthand "~
(babel)             in language append on input line 19.
 [8]
\openout2 = `2-intro.aux'.

 (./2-intro.tex
Package babel Info: Redefining russian shorthand "|
(babel)             in language append on input line 1.
Package babel Info: Redefining russian shorthand "~
(babel)             in language append on input line 1.
)
Package babel Info: Redefining russian shorthand "|
(babel)             in language append on input line 20.
Package babel Info: Redefining russian shorthand "~
(babel)             in language append on input line 20.
Package babel Info: Redefining russian shorthand "|
(babel)             in language append on input line 20.
Package babel Info: Redefining russian shorthand "~
(babel)             in language append on input line 20.
 [9



]
\openout2 = `31-constr.aux'.

 (./31-constr.tex
Package babel Info: Redefining russian shorthand "|
(babel)             in language append on input line 1.
Package babel Info: Redefining russian shorthand "~
(babel)             in language append on input line 1.
Package babel Info: Redefining russian shorthand "|
(babel)             in language append on input line 4.
Package babel Info: Redefining russian shorthand "~
(babel)             in language append on input line 4.
Package babel Info: Redefining russian shorthand "|
(babel)             in language append on input line 7.
Package babel Info: Redefining russian shorthand "~
(babel)             in language append on input line 7.


Package hyperref Warning: Token not allowed in a PDF string (Unicode):
(hyperref)                removing `\\' on input line 7.

Package babel Info: Redefining russian shorthand "|
(babel)             in language append on input line 28.
Package babel Info: Redefining russian shorthand "~
(babel)             in language append on input line 28.
Package babel Info: Redefining russian shorthand "|
(babel)             in language append on input line 28.
Package babel Info: Redefining russian shorthand "~
(babel)             in language append on input line 28.
[10



] <images/constr/predator.jpg, id=246, 1204.5pt x 803.0pt>
File: images/constr/predator.jpg Graphic file (type jpg)

<use images/constr/predator.jpg>
Package pdftex.def Info: images/constr/predator.jpg used on input line 32.
(pdftex.def)             Requested size: 187.78532pt x 125.18663pt.

<images/constr/reaper.jpg, id=247, 801.99625pt x 599.23875pt>
File: images/constr/reaper.jpg Graphic file (type jpg)

<use images/constr/reaper.jpg>
Package pdftex.def Info: images/constr/reaper.jpg used on input line 37.
(pdftex.def)             Requested size: 187.78532pt x 140.30908pt.

(/usr/share/texmf-dist/tex/latex/ucs/data/uni-0.def
File: uni-0.def 2013/05/13 UCS: Unicode data U+0000..U+00FF
)
<images/constr/avenger.jpg, id=248, 2208.25pt x 1084.05pt>
File: images/constr/avenger.jpg Graphic file (type jpg)

<use images/constr/avenger.jpg>
Package pdftex.def Info: images/constr/avenger.jpg used on input line 48.
(pdftex.def)             Requested size: 469.47049pt x 230.46922pt.


LaTeX Warning: `h' float specifier changed to `ht'.

Package babel Info: Redefining russian shorthand "|
(babel)             in language append on input line 54.
Package babel Info: Redefining russian shorthand "~
(babel)             in language append on input line 54.
Package babel Info: Redefining russian shorthand "|
(babel)             in language append on input line 54.
Package babel Info: Redefining russian shorthand "~
(babel)             in language append on input line 54.
[11 <./images/constr/predator.jpg> <./images/constr/reaper.jpg>]
Package babel Info: Redefining russian shorthand "|
(babel)             in language append on input line 55.
Package babel Info: Redefining russian shorthand "~
(babel)             in language append on input line 55.
Package babel Info: Redefining russian shorthand "|
(babel)             in language append on input line 55.
Package babel Info: Redefining russian shorthand "~
(babel)             in language append on input line 55.
 [12 <./images/constr/avenger.jpg>]
Package babel Info: Redefining russian shorthand "|
(babel)             in language append on input line 56.
Package babel Info: Redefining russian shorthand "~
(babel)             in language append on input line 56.


Package hyperref Warning: Token not allowed in a PDF string (Unicode):
(hyperref)                removing `\\' on input line 56.

Package babel Info: Redefining russian shorthand "|
(babel)             in language append on input line 67.
Package babel Info: Redefining russian shorthand "~
(babel)             in language append on input line 67.
Package babel Info: Redefining russian shorthand "|
(babel)             in language append on input line 67.
Package babel Info: Redefining russian shorthand "~
(babel)             in language append on input line 67.
[13

]
Package babel Info: Redefining russian shorthand "|
(babel)             in language append on input line 68.
Package babel Info: Redefining russian shorthand "~
(babel)             in language append on input line 68.
Package babel Info: Redefining russian shorthand "|
(babel)             in language append on input line 81.
Package babel Info: Redefining russian shorthand "~
(babel)             in language append on input line 81.
 <images/constr/leo2_armor.png, id=271, 486.31688pt x 335.75438pt>
File: images/constr/leo2_armor.png Graphic file (type png)

<use images/constr/leo2_armor.png>
Package pdftex.def Info: images/constr/leo2_armor.png used on input line 89.
(pdftex.def)             Requested size: 469.47049pt x 324.1239pt.


LaTeX Warning: `h' float specifier changed to `ht'.

Package babel Info: Redefining russian shorthand "|
(babel)             in language append on input line 98.
Package babel Info: Redefining russian shorthand "~
(babel)             in language append on input line 98.
Package babel Info: Redefining russian shorthand "|
(babel)             in language append on input line 98.
Package babel Info: Redefining russian shorthand "~
(babel)             in language append on input line 98.
[14

]
Package babel Info: Redefining russian shorthand "|
(babel)             in language append on input line 98.
Package babel Info: Redefining russian shorthand "~
(babel)             in language append on input line 98.
Package babel Info: Redefining russian shorthand "|
(babel)             in language append on input line 102.
Package babel Info: Redefining russian shorthand "~
(babel)             in language append on input line 102.
Package babel Info: Redefining russian shorthand "|
(babel)             in language append on input line 102.
Package babel Info: Redefining russian shorthand "~
(babel)             in language append on input line 102.
 [15 <./images/constr/leo2_armor.png>]
<images/constr/abrams_armor.jpg, id=287, 964.35281pt x 480.29437pt>
File: images/constr/abrams_armor.jpg Graphic file (type jpg)

<use images/constr/abrams_armor.jpg>
Package pdftex.def Info: images/constr/abrams_armor.jpg used on input line 106.

(pdftex.def)             Requested size: 469.47049pt x 233.81459pt.
Package babel Info: Redefining russian shorthand "|
(babel)             in language append on input line 115.
Package babel Info: Redefining russian shorthand "~
(babel)             in language append on input line 115.
Package babel Info: Redefining russian shorthand "|
(babel)             in language append on input line 115.
Package babel Info: Redefining russian shorthand "~
(babel)             in language append on input line 115.
 [16 <./images/constr/abrams_armor.jpg>]
<images/constr/t72_armor.jpg, id=297, 481.8pt x 361.35pt>
File: images/constr/t72_armor.jpg Graphic file (type jpg)

<use images/constr/t72_armor.jpg>
Package pdftex.def Info: images/constr/t72_armor.jpg used on input line 120.
(pdftex.def)             Requested size: 187.78532pt x 140.8377pt.

<images/constr/oplot_armor.jpg, id=298, 661.47125pt x 384.43625pt>
File: images/constr/oplot_armor.jpg Graphic file (type jpg)

<use images/constr/oplot_armor.jpg>
Package pdftex.def Info: images/constr/oplot_armor.jpg used on input line 125.
(pdftex.def)             Requested size: 187.78532pt x 109.13724pt.

<images/constr/armata_armor.jpg, id=299, 325.5435pt x 158.337pt>
File: images/constr/armata_armor.jpg Graphic file (type jpg)

<use images/constr/armata_armor.jpg>
Package pdftex.def Info: images/constr/armata_armor.jpg used on input line 134.

(pdftex.def)             Requested size: 469.47049pt x 228.34575pt.
Package babel Info: Redefining russian shorthand "|
(babel)             in language append on input line 139.
Package babel Info: Redefining russian shorthand "~
(babel)             in language append on input line 139.
Package babel Info: Redefining russian shorthand "|
(babel)             in language append on input line 141.
Package babel Info: Redefining russian shorthand "~
(babel)             in language append on input line 141.
Package babel Info: Redefining russian shorthand "|
(babel)             in language append on input line 141.
Package babel Info: Redefining russian shorthand "~
(babel)             in language append on input line 141.
 [17 <./images/constr/t72_armor.jpg> <./images/constr/oplot_armor.jpg> <./image
s/constr/armata_armor.jpg>]
Package babel Info: Redefining russian shorthand "|
(babel)             in language append on input line 147.
Package babel Info: Redefining russian shorthand "~
(babel)             in language append on input line 147.
Package babel Info: Redefining russian shorthand "|
(babel)             in language append on input line 147.
Package babel Info: Redefining russian shorthand "~
(babel)             in language append on input line 147.
 [18]
Package babel Info: Redefining russian shorthand "|
(babel)             in language append on input line 148.
Package babel Info: Redefining russian shorthand "~
(babel)             in language append on input line 148.


Package hyperref Warning: Token not allowed in a PDF string (Unicode):
(hyperref)                removing `\\' on input line 148.

Package babel Info: Redefining russian shorthand "|
(babel)             in language append on input line 163.
Package babel Info: Redefining russian shorthand "~
(babel)             in language append on input line 163.
Package babel Info: Redefining russian shorthand "|
(babel)             in language append on input line 163.
Package babel Info: Redefining russian shorthand "~
(babel)             in language append on input line 163.
[19

]
Package babel Info: Redefining russian shorthand "|
(babel)             in language append on input line 164.
Package babel Info: Redefining russian shorthand "~
(babel)             in language append on input line 164.


Package hyperref Warning: Token not allowed in a PDF string (Unicode):
(hyperref)                removing `\\' on input line 164.

Package babel Info: Redefining russian shorthand "|
(babel)             in language append on input line 168.
Package babel Info: Redefining russian shorthand "~
(babel)             in language append on input line 168.
<images/constr/hellfire1.jpg, id=321, 1284.8pt x 705.63625pt>
File: images/constr/hellfire1.jpg Graphic file (type jpg)

<use images/constr/hellfire1.jpg>
Package pdftex.def Info: images/constr/hellfire1.jpg used on input line 173.
(pdftex.def)             Requested size: 362.643pt x 199.16928pt.


Package caption Warning: \label without proper reference on input line 20.
See the caption package documentation for explanation.


LaTeX Warning: Reference `tab:hellfire_stats' on page 20 undefined on input lin
e 178.


LaTeX Warning: `!h' float specifier changed to `!ht'.

Package babel Info: Redefining russian shorthand "|
(babel)             in language append on input line 197.
Package babel Info: Redefining russian shorthand "~
(babel)             in language append on input line 197.
Package babel Info: Redefining russian shorthand "|
(babel)             in language append on input line 199.
Package babel Info: Redefining russian shorthand "~
(babel)             in language append on input line 199.
Package babel Info: Redefining russian shorthand "|
(babel)             in language append on input line 199.
Package babel Info: Redefining russian shorthand "~
(babel)             in language append on input line 199.
[20

 <./images/constr/hellfire1.jpg>]
<images/constr/griffin.jpg, id=330, 521.95pt x 226.8475pt>
File: images/constr/griffin.jpg Graphic file (type jpg)

<use images/constr/griffin.jpg>
Package pdftex.def Info: images/constr/griffin.jpg used on input line 204.
(pdftex.def)             Requested size: 469.47049pt x 204.04317pt.
Package babel Info: Redefining russian shorthand "|
(babel)             in language append on input line 227.
Package babel Info: Redefining russian shorthand "~
(babel)             in language append on input line 227.
Package babel Info: Redefining russian shorthand "|
(babel)             in language append on input line 227.
Package babel Info: Redefining russian shorthand "~
(babel)             in language append on input line 227.
 [21 <./images/constr/griffin.jpg>]
Package babel Info: Redefining russian shorthand "|
(babel)             in language append on input line 227.
Package babel Info: Redefining russian shorthand "~
(babel)             in language append on input line 227.
Package babel Info: Redefining russian shorthand "|
(babel)             in language append on input line 240.
Package babel Info: Redefining russian shorthand "~
(babel)             in language append on input line 240.
Package babel Info: Redefining russian shorthand "|
(babel)             in language append on input line 240.
Package babel Info: Redefining russian shorthand "~
(babel)             in language append on input line 240.
 [22]
Package babel Info: Redefining russian shorthand "|
(babel)             in language append on input line 241.
Package babel Info: Redefining russian shorthand "~
(babel)             in language append on input line 241.
Package babel Info: Redefining russian shorthand "|
(babel)             in language append on input line 251.
Package babel Info: Redefining russian shorthand "~
(babel)             in language append on input line 251.
Package babel Info: Redefining russian shorthand "|
(babel)             in language append on input line 266.
Package babel Info: Redefining russian shorthand "~
(babel)             in language append on input line 266.
Package babel Info: Redefining russian shorthand "|
(babel)             in language append on input line 266.
Package babel Info: Redefining russian shorthand "~
(babel)             in language append on input line 266.

[23

]
Package babel Info: Redefining russian shorthand "|
(babel)             in language append on input line 268.
Package babel Info: Redefining russian shorthand "~
(babel)             in language append on input line 268.
Package babel Info: Redefining russian shorthand "|
(babel)             in language append on input line 274.
Package babel Info: Redefining russian shorthand "~
(babel)             in language append on input line 274.
Package babel Info: Redefining russian shorthand "|
(babel)             in language append on input line 274.
Package babel Info: Redefining russian shorthand "~
(babel)             in language append on input line 274.
 [24] <images/constr/complex_works.png, id=363, 767.11594pt x 596.98032pt>
File: images/constr/complex_works.png Graphic file (type png)

<use images/constr/complex_works.png>
Package pdftex.def Info: images/constr/complex_works.png used on input line 276
.
(pdftex.def)             Requested size: 469.47049pt x 365.35075pt.
Package babel Info: Redefining russian shorthand "|
(babel)             in language append on input line 290.
Package babel Info: Redefining russian shorthand "~
(babel)             in language append on input line 290.
Package babel Info: Redefining russian shorthand "|
(babel)             in language append on input line 290.
Package babel Info: Redefining russian shorthand "~
(babel)             in language append on input line 290.
 [25

 <./images/constr/complex_works.png>]
Package babel Info: Redefining russian shorthand "|
(babel)             in language append on input line 291.
Package babel Info: Redefining russian shorthand "~
(babel)             in language append on input line 291.

<images/constr/pre_hit_target.png, id=368, 532.23843pt x 220.57407pt>
File: images/constr/pre_hit_target.png Graphic file (type png)

<use images/constr/pre_hit_target.png>
Package pdftex.def Info: images/constr/pre_hit_target.png used on input line 29
6.
(pdftex.def)             Requested size: 469.47049pt x 194.56686pt.


LaTeX Warning: Reference `chapter:traectory_optimization' on page 26 undefined 
on input line 303.

Package babel Info: Redefining russian shorthand "|
(babel)             in language append on input line 305.
Package babel Info: Redefining russian shorthand "~
(babel)             in language append on input line 305.
Package babel Info: Redefining russian shorthand "|
(babel)             in language append on input line 305.
Package babel Info: Redefining russian shorthand "~
(babel)             in language append on input line 305.
[26

 <./images/constr/pre_hit_target.png>]
Package babel Info: Redefining russian shorthand "|
(babel)             in language append on input line 308.
Package babel Info: Redefining russian shorthand "~
(babel)             in language append on input line 308.
Package babel Info: Redefining russian shorthand "|
(babel)             in language append on input line 308.
Package babel Info: Redefining russian shorthand "~
(babel)             in language append on input line 308.
 [27]
Package babel Info: Redefining russian shorthand "|
(babel)             in language append on input line 309.
Package babel Info: Redefining russian shorthand "~
(babel)             in language append on input line 309.
Package babel Info: Redefining russian shorthand "|
(babel)             in language append on input line 311.
Package babel Info: Redefining russian shorthand "~
(babel)             in language append on input line 311.
Package babel Info: Redefining russian shorthand "|
(babel)             in language append on input line 332.
Package babel Info: Redefining russian shorthand "~
(babel)             in language append on input line 332.
Package babel Info: Redefining russian shorthand "|
(babel)             in language append on input line 334.
Package babel Info: Redefining russian shorthand "~
(babel)             in language append on input line 334.
Package babel Info: Redefining russian shorthand "|
(babel)             in language append on input line 334.
Package babel Info: Redefining russian shorthand "~
(babel)             in language append on input line 334.
 [28

]
Package babel Info: Redefining russian shorthand "|
(babel)             in language append on input line 348.
Package babel Info: Redefining russian shorthand "~
(babel)             in language append on input line 348.


Package hyperref Warning: Token not allowed in a PDF string (Unicode):
(hyperref)                removing `\\' on input line 348.

Package babel Info: Redefining russian shorthand "|
(babel)             in language append on input line 358.
Package babel Info: Redefining russian shorthand "~
(babel)             in language append on input line 358.
Package babel Info: Redefining russian shorthand "|
(babel)             in language append on input line 358.
Package babel Info: Redefining russian shorthand "~
(babel)             in language append on input line 358.
[29]
Overfull \hbox (2.79341pt too wide) detected at line 379
[] []
 []

Package babel Info: Redefining russian shorthand "|
(babel)             in language append on input line 397.
Package babel Info: Redefining russian shorthand "~
(babel)             in language append on input line 397.
Package babel Info: Redefining russian shorthand "|
(babel)             in language append on input line 397.
Package babel Info: Redefining russian shorthand "~
(babel)             in language append on input line 397.
[30

]

LaTeX Warning: Reference `chapter:traectory_optimization' on page 31 undefined 
on input line 406.


LaTeX Warning: Reference `chapter:traectory_optimization' on page 31 undefined 
on input line 406.

Package babel Info: Redefining russian shorthand "|
(babel)             in language append on input line 408.
Package babel Info: Redefining russian shorthand "~
(babel)             in language append on input line 408.
Package babel Info: Redefining russian shorthand "|
(babel)             in language append on input line 424.
Package babel Info: Redefining russian shorthand "~
(babel)             in language append on input line 424.
Package babel Info: Redefining russian shorthand "|
(babel)             in language append on input line 424.
Package babel Info: Redefining russian shorthand "~
(babel)             in language append on input line 424.
[31] <images/constr/sample_traectory.png, id=421, 407.5225pt x 272.01625pt>
File: images/constr/sample_traectory.png Graphic file (type png)

<use images/constr/sample_traectory.png>
Package pdftex.def Info: images/constr/sample_traectory.png used on input line 
428.
(pdftex.def)             Requested size: 341.02937pt x 227.62204pt.

<images/constr/sample_speed.png, id=423, 394.47375pt x 272.01625pt>
File: images/constr/sample_speed.png Graphic file (type png)

<use images/constr/sample_speed.png>
Package pdftex.def Info: images/constr/sample_speed.png used on input line 438.

(pdftex.def)             Requested size: 220.6517pt x 152.15373pt.

<images/constr/sample_peleng.png, id=424, 388.45125pt x 272.01625pt>
File: images/constr/sample_peleng.png Graphic file (type png)

<use images/constr/sample_peleng.png>
Package pdftex.def Info: images/constr/sample_peleng.png used on input line 444
.
(pdftex.def)             Requested size: 220.6517pt x 154.51543pt.
Package babel Info: Redefining russian shorthand "|
(babel)             in language append on input line 453.
Package babel Info: Redefining russian shorthand "~
(babel)             in language append on input line 453.
Package babel Info: Redefining russian shorthand "|
(babel)             in language append on input line 453.
Package babel Info: Redefining russian shorthand "~
(babel)             in language append on input line 453.
 [32

 <./images/constr/sample_traectory.png> <./images/constr/sample_speed.png> <./i
mages/constr/sample_peleng.png>]
Package babel Info: Redefining russian shorthand "|
(babel)             in language append on input line 454.
Package babel Info: Redefining russian shorthand "~
(babel)             in language append on input line 454.

(/usr/share/texmf-dist/tex/latex/ucs/data/uni-33.def
File: uni-33.def 2013/05/13 UCS: Unicode data U+2100..U+21FF
)
Package babel Info: Redefining russian shorthand "|
(babel)             in language append on input line 457.
Package babel Info: Redefining russian shorthand "~
(babel)             in language append on input line 457.

(/usr/share/texmf-dist/tex/latex/ucs/data/uni-34.def
File: uni-34.def 2013/05/13 UCS: Unicode data U+2200..U+22FF
)

LaTeX Warning: Command \textdegree invalid in math mode on input line 488.

Package babel Info: Redefining russian shorthand "|
(babel)             in language append on input line 489.
Package babel Info: Redefining russian shorthand "~
(babel)             in language append on input line 489.
Package babel Info: Redefining russian shorthand "|
(babel)             in language append on input line 489.
Package babel Info: Redefining russian shorthand "~
(babel)             in language append on input line 489.
[33

]

LaTeX Warning: Reference `chapter:appendix2' on page 34 undefined on input line
 508.

Package babel Info: Redefining russian shorthand "|
(babel)             in language append on input line 512.
Package babel Info: Redefining russian shorthand "~
(babel)             in language append on input line 512.
Package babel Info: Redefining russian shorthand "|
(babel)             in language append on input line 529.
Package babel Info: Redefining russian shorthand "~
(babel)             in language append on input line 529.
Package babel Info: Redefining russian shorthand "|
(babel)             in language append on input line 529.
Package babel Info: Redefining russian shorthand "~
(babel)             in language append on input line 529.
[34]
Package babel Info: Redefining russian shorthand "|
(babel)             in language append on input line 530.
Package babel Info: Redefining russian shorthand "~
(babel)             in language append on input line 530.
Package babel Info: Redefining russian shorthand "|
(babel)             in language append on input line 531.
Package babel Info: Redefining russian shorthand "~
(babel)             in language append on input line 531.
Package babel Info: Redefining russian shorthand "|
(babel)             in language append on input line 536.
Package babel Info: Redefining russian shorthand "~
(babel)             in language append on input line 536.

Underfull \hbox (badness 10000) in paragraph at lines 546--546
[]\T2A/cmr/m/n/14.4 
 []


Underfull \hbox (badness 10000) in paragraph at lines 551--551
[]\T2A/cmr/m/n/14.4 
 []


Underfull \hbox (badness 10000) in paragraph at lines 552--552
[]\T2A/cmr/m/n/14.4 
 []

Package babel Info: Redefining russian shorthand "|
(babel)             in language append on input line 558.
Package babel Info: Redefining russian shorthand "~
(babel)             in language append on input line 558.
Package babel Info: Redefining russian shorthand "|
(babel)             in language append on input line 558.
Package babel Info: Redefining russian shorthand "~
(babel)             in language append on input line 558.
[35

]
Package babel Info: Redefining russian shorthand "|
(babel)             in language append on input line 571.
Package babel Info: Redefining russian shorthand "~
(babel)             in language append on input line 571.


LaTeX Warning: Command \textdegree invalid in math mode on input line 588.

Package babel Info: Redefining russian shorthand "|
(babel)             in language append on input line 596.
Package babel Info: Redefining russian shorthand "~
(babel)             in language append on input line 596.
Package babel Info: Redefining russian shorthand "|
(babel)             in language append on input line 596.
Package babel Info: Redefining russian shorthand "~
(babel)             in language append on input line 596.
[36

]

LaTeX Warning: Command \textdegree invalid in math mode on input line 605.


LaTeX Warning: Command \textdegree invalid in math mode on input line 615.


LaTeX Warning: Command \textdegree invalid in math mode on input line 621.

Package babel Info: Redefining russian shorthand "|
(babel)             in language append on input line 625.
Package babel Info: Redefining russian shorthand "~
(babel)             in language append on input line 625.
)
Package babel Info: Redefining russian shorthand "|
(babel)             in language append on input line 23.
Package babel Info: Redefining russian shorthand "~
(babel)             in language append on input line 23.
Package babel Info: Redefining russian shorthand "|
(babel)             in language append on input line 23.
Package babel Info: Redefining russian shorthand "~
(babel)             in language append on input line 23.
 [37]
\openout2 = `32-research.aux'.

 (./32-research.tex
Package babel Info: Redefining russian shorthand "|
(babel)             in language append on input line 1.
Package babel Info: Redefining russian shorthand "~
(babel)             in language append on input line 1.
)
Package babel Info: Redefining russian shorthand "|
(babel)             in language append on input line 24.
Package babel Info: Redefining russian shorthand "~
(babel)             in language append on input line 24.
Package babel Info: Redefining russian shorthand "|
(babel)             in language append on input line 24.
Package babel Info: Redefining russian shorthand "~
(babel)             in language append on input line 24.
 [38



]
\openout2 = `33-techno.aux'.

 (./33-techno.tex
Package babel Info: Redefining russian shorthand "|
(babel)             in language append on input line 1.
Package babel Info: Redefining russian shorthand "~
(babel)             in language append on input line 1.
)
Package babel Info: Redefining russian shorthand "|
(babel)             in language append on input line 25.
Package babel Info: Redefining russian shorthand "~
(babel)             in language append on input line 25.
Package babel Info: Redefining russian shorthand "|
(babel)             in language append on input line 25.
Package babel Info: Redefining russian shorthand "~
(babel)             in language append on input line 25.
 [39



]
\openout2 = `34-ecology.aux'.

 (./34-ecology.tex
Package babel Info: Redefining russian shorthand "|
(babel)             in language append on input line 1.
Package babel Info: Redefining russian shorthand "~
(babel)             in language append on input line 1.


Package hyperref Warning: Token not allowed in a PDF string (Unicode):
(hyperref)                removing `\\' on input line 1.

)
Package babel Info: Redefining russian shorthand "|
(babel)             in language append on input line 26.
Package babel Info: Redefining russian shorthand "~
(babel)             in language append on input line 26.
Package babel Info: Redefining russian shorthand "|
(babel)             in language append on input line 26.
Package babel Info: Redefining russian shorthand "~
(babel)             in language append on input line 26.
 [40



]
\openout2 = `35-economy.aux'.

 (./35-economy.tex
Underfull \hbox (badness 10000) in paragraph at lines 1--1
[]\T2A/cmr/bx/n/17.28 -
 []

Package babel Info: Redefining russian shorthand "|
(babel)             in language append on input line 1.
Package babel Info: Redefining russian shorthand "~
(babel)             in language append on input line 1.
)
Package babel Info: Redefining russian shorthand "|
(babel)             in language append on input line 27.
Package babel Info: Redefining russian shorthand "~
(babel)             in language append on input line 27.
Package babel Info: Redefining russian shorthand "|
(babel)             in language append on input line 27.
Package babel Info: Redefining russian shorthand "~
(babel)             in language append on input line 27.
 [41



]
\openout2 = `4-conclusion.aux'.

 (./4-conclusion.tex
Package babel Info: Redefining russian shorthand "|
(babel)             in language append on input line 1.
Package babel Info: Redefining russian shorthand "~
(babel)             in language append on input line 1.
)
Package babel Info: Redefining russian shorthand "|
(babel)             in language append on input line 32.
Package babel Info: Redefining russian shorthand "~
(babel)             in language append on input line 32.
Package babel Info: Redefining russian shorthand "|
(babel)             in language append on input line 32.
Package babel Info: Redefining russian shorthand "~
(babel)             in language append on input line 32.
 [42



]
\openout2 = `5-biblio.aux'.

 (./5-biblio.tex (./0-main.bbl
Package babel Info: Redefining russian shorthand "|
(babel)             in language append on input line 1.
Package babel Info: Redefining russian shorthand "~
(babel)             in language append on input line 1.

Underfull \hbox (badness 1728) in paragraph at lines 12--15
[]\T2A/cmr/m/it/14.4 , .. \T2A/cmr/m/n/14.4 ^^?^^? ^^?
^^? ^^?^^?^^?^^?^^?^^?^^?
 []

))
Package babel Info: Redefining russian shorthand "|
(babel)             in language append on input line 34.
Package babel Info: Redefining russian shorthand "~
(babel)             in language append on input line 34.
Package babel Info: Redefining russian shorthand "|
(babel)             in language append on input line 34.
Package babel Info: Redefining russian shorthand "~
(babel)             in language append on input line 34.
 [43



]
\openout2 = `61-rdtt-appendix.aux'.

 (./61-rdtt-appendix.tex
Underfull \hbox (badness 1184) in paragraph at lines 1--1
[]\T2A/cmr/bx/n/17.28  [] ^^?^^?
 []

Package babel Info: Redefining russian shorthand "|
(babel)             in language append on input line 1.
Package babel Info: Redefining russian shorthand "~
(babel)             in language append on input line 1.

Package hyperref Warning: Token not allowed in a PDF string (Unicode):
(hyperref)                removing `\\' on input line 1.

Package babel Info: Redefining russian shorthand "|
(babel)             in language append on input line 8.
Package babel Info: Redefining russian shorthand "~
(babel)             in language append on input line 8.
)
Package babel Info: Redefining russian shorthand "|
(babel)             in language append on input line 37.
Package babel Info: Redefining russian shorthand "~
(babel)             in language append on input line 37.
Package babel Info: Redefining russian shorthand "|
(babel)             in language append on input line 37.
Package babel Info: Redefining russian shorthand "~
(babel)             in language append on input line 37.
 [44



] 
AED: lastpage setting LastPage
Package babel Info: Redefining russian shorthand "|
(babel)             in language append on input line 39.
Package babel Info: Redefining russian shorthand "~
(babel)             in language append on input line 39.
Package atveryend Info: Empty hook `BeforeClearDocument' on input line 39.
Package atveryend Info: Empty hook `AfterLastShipout' on input line 39.
(./0-main.aux (./19-referat.aux) (./2-intro.aux) (./31-constr.aux)
(./32-research.aux) (./33-techno.aux) (./34-ecology.aux) (./35-economy.aux)
(./4-conclusion.aux) (./5-biblio.aux) (./61-rdtt-appendix.aux))
Package atveryend Info: Executing hook `AtVeryEndDocument' on input line 39.
Package atveryend Info: Executing hook `AtEndAfterFileList' on input line 39.
Package rerunfilecheck Info: File `0-main.out' has not changed.
(rerunfilecheck)             Checksum: 7B7DFD9E8004C67B9DAD1A3D99CB9FD6;10591.


LaTeX Font Warning: Some font shapes were not available, defaults substituted.


LaTeX Warning: There were undefined references.


LaTeX Warning: There were multiply-defined labels.

Package atveryend Info: Empty hook `AtVeryVeryEnd' on input line 39.
 ) 
Here is how much of TeX's memory you used:
 15204 strings out of 494367
 208985 string characters out of 6171521
 276800 words of memory out of 5000000
 18062 multiletter control sequences out of 15000+600000
 11760 words of font info for 33 fonts, out of 8000000 for 9000
 430 hyphenation exceptions out of 8191
 50i,14n,42p,1426b,570s stack positions out of 5000i,500n,10000p,200000b,80000s
{/usr/share/texmf-dist/fonts/enc/dvips/cm-super/cm-super-t2a.enc}</usr/share/
texmf-dist/fonts/type1/public/amsfonts/cm/cmex10.pfb></usr/share/texmf-dist/fon
ts/type1/public/amsfonts/cm/cmmi10.pfb></usr/share/texmf-dist/fonts/type1/publi
c/amsfonts/cm/cmmi12.pfb></usr/share/texmf-dist/fonts/type1/public/amsfonts/cm/
cmmi7.pfb></usr/share/texmf-dist/fonts/type1/public/amsfonts/cm/cmr10.pfb></usr
/share/texmf-dist/fonts/type1/public/amsfonts/cm/cmr12.pfb></usr/share/texmf-di
st/fonts/type1/public/amsfonts/cm/cmr7.pfb></usr/share/texmf-dist/fonts/type1/p
ublic/amsfonts/cm/cmsy10.pfb></usr/share/texmf-dist/fonts/type1/public/cm-super
/sfbx1440.pfb></usr/share/texmf-dist/fonts/type1/public/cm-super/sfbx1728.pfb><
/usr/share/texmf-dist/fonts/type1/public/cm-super/sfrm1000.pfb></usr/share/texm
f-dist/fonts/type1/public/cm-super/sfrm1440.pfb></usr/share/texmf-dist/fonts/ty
pe1/public/cm-super/sfti1440.pfb>
Output written on 0-main.pdf (40 pages, 2054873 bytes).
PDF statistics:
 572 PDF objects out of 1000 (max. 8388607)
 489 compressed objects within 5 object streams
 146 named destinations out of 1000 (max. 500000)
 408 words of extra memory for PDF output out of 10000 (max. 10000000)

