\BOOKMARK [0][-]{section*.3}{\376\377\004\022\004\022\004\025\004\024\004\025\004\035\004\030\004\025}{}% 1
\BOOKMARK [0][-]{chapter.1}{\376\377\004\032\004\036\004\035\004\041\004\042\004\040\004\043\004\032\004\042\004\036\004\040\004\041\004\032\004\020\004\057\000\040\004\047\004\020\004\041\004\042\004\054}{}% 2
\BOOKMARK [1][-]{section.1.1}{\376\377\004\044\004\076\004\100\004\074\004\070\004\100\004\076\004\062\004\060\004\075\004\070\004\065\000\040\004\076\004\061\004\073\004\070\004\072\004\060\000\040\004\072\004\076\004\074\004\077\004\073\004\065\004\072\004\101\004\060}{chapter.1}% 3
\BOOKMARK [2][-]{subsection.1.1.1}{\376\377\004\036\004\061\004\073\004\070\004\072\000\040\004\101\004\076\004\062\004\100\004\065\004\074\004\065\004\075\004\075\004\113\004\105\000\040\004\103\004\064\004\060\004\100\004\075\004\076\000-\004\100\004\060\004\067\004\062\004\065\004\064\004\113\004\062\004\060\004\102\004\065\004\073\004\114\004\075\004\113\004\105\000\040\004\021\004\037\004\033\004\020}{section.1.1}% 4
\BOOKMARK [3][-]{subsubsection.1.1.1.1}{\376\377\004\022\004\073\004\070\004\117\004\075\004\070\004\065\000\040\004\076\004\061\004\073\004\070\004\072\004\060\000\040\004\021\004\037\004\033\004\020\000\040\004\075\004\060\000\040\004\042\004\042\004\045\000\040\004\070\004\101\004\077\004\076\004\073\004\114\004\067\004\103\004\065\004\074\004\113\004\105\000\040\004\037\004\042\004\043\004\040}{subsection.1.1.1}% 5
\BOOKMARK [2][-]{subsection.1.1.2}{\376\377\004\036\004\061\004\073\004\070\004\072\000\040\004\101\004\076\004\062\004\100\004\065\004\074\004\065\004\075\004\075\004\113\004\105\000\040\004\102\004\060\004\075\004\072\004\076\004\062}{section.1.1}% 6
\BOOKMARK [3][-]{subsubsection.1.1.2.1}{\376\377\004\021\004\100\004\076\004\075\004\070\004\100\004\076\004\062\004\060\004\075\004\070\004\065\000\040\004\102\004\060\004\075\004\072\004\060}{subsection.1.1.2}% 7
\BOOKMARK [3][-]{subsubsection.1.1.2.2}{\376\377\004\024\004\070\004\075\004\060\004\074\004\070\004\107\004\065\004\101\004\072\004\060\004\117\000\040\004\067\004\060\004\111\004\070\004\102\004\060}{subsection.1.1.2}% 8
\BOOKMARK [3][-]{subsubsection.1.1.2.3}{\376\377\004\032\004\076\004\074\004\077\004\073\004\065\004\072\004\101\004\113\000\040\004\060\004\072\004\102\004\070\004\062\004\075\004\076\004\071\000\040\004\067\004\060\004\111\004\070\004\102\004\113}{subsection.1.1.2}% 9
\BOOKMARK [3][-]{subsubsection.1.1.2.4}{\376\377\004\022\004\073\004\070\004\117\004\075\004\070\004\065\000\040\004\076\004\061\004\073\004\070\004\072\004\060\000\040\004\101\004\076\004\062\004\100\004\065\004\074\004\065\004\075\004\075\004\113\004\105\000\040\004\102\004\060\004\075\004\072\004\076\004\062\004\075\004\060\000\040\004\042\004\042\004\045\000\040\004\037\004\042\004\043\004\040}{subsection.1.1.2}% 10
\BOOKMARK [2][-]{subsection.1.1.3}{\376\377\004\036\004\061\004\067\004\076\004\100\000\040\004\101\004\103\004\111\004\065\004\101\004\102\004\062\004\103\004\116\004\111\004\070\004\105\000\040\004\076\004\061\004\100\004\060\004\067\004\106\004\076\004\062\000\040\004\037\004\042\004\043\004\040\000,\004\077\004\100\004\070\004\074\004\065\004\075\004\117\004\065\004\074\004\113\004\105\000\040\004\075\004\060\000\040\004\021\004\037\004\033\004\020}{section.1.1}% 11
\BOOKMARK [3][-]{subsubsection.1.1.3.1}{\376\377\000A\000G\000M\000-\0001\0001\0004\000\040\000H\000e\000l\000l\000f\000i\000r\000e}{subsection.1.1.3}% 12
\BOOKMARK [3][-]{subsubsection.1.1.3.2}{\376\377\000A\000G\000M\000-\0001\0007\0006\000\040\000G\000r\000i\000f\000f\000i\000n}{subsection.1.1.3}% 13
\BOOKMARK [2][-]{subsection.1.1.4}{\376\377\004\022\004\113\004\062\004\076\004\064}{section.1.1}% 14
\BOOKMARK [1][-]{section.1.2}{\376\377\004\043\004\101\004\102\004\100\004\076\004\071\004\101\004\102\004\062\004\076\000\040\004\072\004\076\004\074\004\077\004\073\004\065\004\072\004\101\004\060}{chapter.1}% 15
\BOOKMARK [2][-]{subsection.1.2.1}{\376\377\004\043\004\101\004\102\004\100\004\076\004\071\004\101\004\102\004\062\004\076\000\040\004\076\004\102\004\101\004\065\004\072\004\076\004\062\000\040\004\037\004\042\004\043\004\040}{section.1.2}% 16
\BOOKMARK [2][-]{subsection.1.2.2}{\376\377\004\036\004\077\004\070\004\101\004\060\004\075\004\070\004\065\000\040\004\100\004\060\004\061\004\076\004\102\004\113\000\040\004\072\004\076\004\074\004\077\004\073\004\065\004\072\004\101\004\060}{section.1.2}% 17
\BOOKMARK [2][-]{subsection.1.2.3}{\376\377\004\036\004\077\004\070\004\101\004\060\004\075\004\070\004\065\000\040\004\074\004\065\004\102\004\076\004\064\004\060\000\040\004\075\004\060\004\062\004\065\004\064\004\065\004\075\004\070\004\117\000\040\004\037\004\042\004\043\004\040}{section.1.2}% 18
\BOOKMARK [1][-]{section.1.3}{\376\377\004\021\004\060\004\073\004\073\004\070\004\101\004\102\004\070\004\107\004\065\004\101\004\072\004\076\004\065\000\040\004\077\004\100\004\076\004\065\004\072\004\102\004\070\004\100\004\076\004\062\004\060\004\075\004\070\004\065\000\040\004\037\004\042\004\043\004\040}{chapter.1}% 19
\BOOKMARK [2][-]{subsection.1.3.1}{\376\377\004\030\004\101\004\105\004\076\004\064\004\075\004\113\004\065\000\040\004\064\004\060\004\075\004\075\004\113\004\065}{section.1.3}% 20
\BOOKMARK [2][-]{subsection.1.3.2}{\376\377\004\035\004\060\004\067\004\075\004\060\004\107\004\065\004\075\004\070\004\065\000\040\004\077\004\060\004\100\004\060\004\074\004\065\004\102\004\100\004\076\004\062}{section.1.3}% 21
\BOOKMARK [2][-]{subsection.1.3.3}{\376\377\004\041\004\070\004\101\004\102\004\065\004\074\004\060\000\040\004\103\004\100\004\060\004\062\004\075\004\065\004\075\004\070\004\071\000\040\004\064\004\073\004\117\000\040\004\100\004\065\004\110\004\065\004\075\004\070\004\117\004\067\004\060\004\064\004\060\004\107\004\070\000\040\004\062\004\075\004\065\004\110\004\075\004\065\004\071\000\040\004\061\004\060\004\073\004\073\004\070\004\101\004\102\004\070\004\072\004\070}{section.1.3}% 22
\BOOKMARK [2][-]{subsection.1.3.4}{\376\377\004\040\004\065\004\067\004\103\004\073\004\114\004\102\004\060\004\102\004\113\000\040\004\061\004\060\004\073\004\073\004\070\004\101\004\102\004\070\004\107\004\065\004\101\004\072\004\076\004\063\004\076\000\040\004\077\004\100\004\076\004\065\004\072\004\102\004\070\004\100\004\076\004\062\004\060\004\075\004\070\004\117}{section.1.3}% 23
\BOOKMARK [1][-]{section.1.4}{\376\377\004\037\004\100\004\076\004\065\004\072\004\102\004\070\004\100\004\076\004\062\004\060\004\075\004\070\004\065\000\040\004\040\004\024\004\042\004\042}{chapter.1}% 24
\BOOKMARK [2][-]{subsection.1.4.1}{\376\377\004\030\004\101\004\105\004\076\004\064\004\075\004\113\004\065\000\040\004\064\004\060\004\075\004\075\004\113\004\065}{section.1.4}% 25
\BOOKMARK [2][-]{subsection.1.4.2}{\376\377\004\040\004\065\004\067\004\103\004\073\004\114\004\102\004\060\004\102\004\113\000\040\004\077\004\100\004\076\004\065\004\072\004\102\004\070\004\100\004\076\004\062\004\060\004\075\004\070\004\117\000\040\004\040\004\024\004\042\004\042}{section.1.4}% 26
\BOOKMARK [1][-]{section.1.5}{\376\377\004\020\004\115\004\100\004\076\004\064\004\070\004\075\004\060\004\074\004\070\004\107\004\065\004\101\004\072\004\076\004\065\000\040\004\077\004\100\004\076\004\065\004\072\004\102\004\070\004\100\004\076\004\062\004\060\004\075\004\070\004\065}{chapter.1}% 27
\BOOKMARK [2][-]{subsection.1.5.1}{\376\377\004\022\004\113\004\061\004\076\004\100\000\040\004\060\004\115\004\100\004\076\004\064\004\070\004\075\004\060\004\074\004\070\004\107\004\065\004\101\004\072\004\076\004\071\000\040\004\101\004\105\004\065\004\074\004\113}{section.1.5}% 28
\BOOKMARK [2][-]{subsection.1.5.2}{\376\377\004\046\004\065\004\075\004\102\004\100\004\076\004\062\004\076\004\107\004\075\004\113\004\071\000\040\004\100\004\060\004\101\004\107\004\065\004\102}{section.1.5}% 29
\BOOKMARK [2][-]{subsection.1.5.3}{\376\377\004\022\004\113\004\061\004\076\004\100\000\040\004\063\004\065\004\076\004\074\004\065\004\102\004\100\004\070\004\070\000\040\004\077\004\073\004\060\004\075\004\065\004\100\004\060}{section.1.5}% 30
\BOOKMARK [2][-]{subsection.1.5.4}{\376\377\004\040\004\060\004\101\004\107\004\065\004\102\000\040\004\077\004\100\004\076\004\064\004\076\004\073\004\114\004\075\004\076\004\071\000\040\004\103\004\101\004\102\004\076\004\071\004\107\004\070\004\062\004\076\004\101\004\102\004\070\000\040\004\070\000\040\004\103\004\077\004\100\004\060\004\062\004\073\004\117\004\065\004\074\004\076\004\101\004\102\004\070}{section.1.5}% 31
\BOOKMARK [0][-]{chapter.2}{\376\377\004\030\004\041\004\041\004\033\000E\004\024\004\036\004\022\004\020\004\042\004\025\004\033\004\054\004\041\004\032\004\020\004\057\000\040\004\047\004\020\004\041\004\042\004\054}{}% 32
\BOOKMARK [0][-]{chapter.3}{\376\377\004\042\004\025\004\045\004\035\004\036\004\033\004\036\004\023\004\030\004\047\004\025\004\041\004\032\004\020\004\057\000\040\004\047\004\020\004\041\004\042\004\054}{}% 33
\BOOKMARK [0][-]{chapter.4}{\376\377\004\055\004\032\004\036\004\033\004\036\004\023\004\030\004\057\000\040\004\030\000\040\004\037\004\040\004\036\004\034\004\053\004\050\004\033\004\025\004\035\004\035\004\020\004\057\000\040\004\021\004\025\004\027\004\036\004\037\004\020\004\041\004\035\004\036\004\041\004\042\004\054}{}% 34
\BOOKMARK [0][-]{chapter.5}{\376\377\004\036\004\040\004\023\004\020\004\035\004\030\004\027\004\020\004\046\004\030\004\036\004\035\004\035\004\036\000-\004\055\004\032\004\036\004\035\004\036\004\034\004\030\004\047\004\025\004\041\004\032\004\020\004\057\000\040\004\047\004\020\004\041\004\042\004\054}{}% 35
\BOOKMARK [0][-]{section*.20}{\376\377\004\027\004\020\004\032\004\033\004\056\004\047\004\025\004\035\004\030\004\025}{}% 36
\BOOKMARK [0][-]{section*.21}{\376\377\004\041\004\077\004\070\004\101\004\076\004\072\000\040\000\040\004\070\004\101\004\077\004\076\004\073\004\114\004\067\004\076\004\062\004\060\004\075\004\075\004\113\004\105\000\040\000\040\004\070\004\101\004\102\004\076\004\107\004\075\004\070\004\072\004\076\004\062}{}% 37
\BOOKMARK [0][-]{appendix.A}{\376\377\004\037\004\040\004\036\004\025\004\032\004\042\004\030\004\040\004\036\004\022\004\020\004\035\004\030\004\025\000\040\004\024\004\022\004\030\004\023\004\020\004\042\004\025\004\033\004\054\004\035\004\036\004\031\000\040\000\040\004\043\004\041\004\042\004\020\004\035\004\036\004\022\004\032\004\030}{}% 38
\BOOKMARK [1][-]{section.A.1}{\376\377\004\030\004\101\004\105\004\076\004\064\004\075\004\113\004\065\000\040\004\064\004\060\004\075\004\075\004\113\004\065}{appendix.A}% 39
